# JRE version: OpenJDK Runtime Environment (8.0_242-b01) (build 1.8.0_242-release-1644-b01)
# Java VM: OpenJDK 64-Bit Server VM (25.242-b01 mixed mode windows-amd64 compressed oops)
Heap:
 PSYoungGen      total 565760K, used 80729K [0x00000000d5580000, 0x00000000fff80000, 0x0000000100000000)
  eden space 515072K, 14% used [0x00000000d5580000,0x00000000d9f66790,0x00000000f4c80000)
  from space 50688K, 9% used [0x00000000f4c80000,0x00000000f5170000,0x00000000f7e00000)
  to   space 49152K, 0% used [0x00000000fcf80000,0x00000000fcf80000,0x00000000fff80000)
 ParOldGen       total 225280K, used 127232K [0x0000000080000000, 0x000000008dc00000, 0x00000000d5580000)
  object space 225280K, 56% used [0x0000000080000000,0x0000000087c40150,0x000000008dc00000)
 Metaspace       used 113847K, capacity 119754K, committed 120908K, reserved 1155072K
  class space    used 14582K, capacity 15674K, committed 16000K, reserved 1048576K
GC Heap History (10 events):
Event: 4295.508 GC heap before
{Heap before GC invocations=36 (full 4):
 PSYoungGen      total 432128K, used 380296K [0x00000000d5580000, 0x00000000f7800000, 0x0000000100000000)
  eden space 371200K, 100% used [0x00000000d5580000,0x00000000ec000000,0x00000000ec000000)
  from space 60928K, 14% used [0x00000000ec000000,0x00000000ec8e21e8,0x00000000efb80000)
  to   space 58368K, 0% used [0x00000000f3f00000,0x00000000f3f00000,0x00000000f7800000)
 ParOldGen       total 225280K, used 187319K [0x0000000080000000, 0x000000008dc00000, 0x00000000d5580000)
  object space 225280K, 83% used [0x0000000080000000,0x000000008b6edf28,0x000000008dc00000)
 Metaspace       used 114297K, capacity 120768K, committed 120908K, reserved 1155072K
  class space    used 14725K, capacity 15968K, committed 16000K, reserved 1048576K
Event: 4295.543 GC heap after
Heap after GC invocations=36 (full 4):
 PSYoungGen      total 492032K, used 11943K [0x00000000d5580000, 0x00000000f7080000, 0x0000000100000000)
  eden space 441344K, 0% used [0x00000000d5580000,0x00000000d5580000,0x00000000f0480000)
  from space 50688K, 23% used [0x00000000f3f00000,0x00000000f4aa9e30,0x00000000f7080000)
  to   space 55296K, 0% used [0x00000000f0480000,0x00000000f0480000,0x00000000f3a80000)
 ParOldGen       total 225280K, used 194278K [0x0000000080000000, 0x000000008dc00000, 0x00000000d5580000)
  object space 225280K, 86% used [0x0000000080000000,0x000000008bdb9988,0x000000008dc00000)
 Metaspace       used 114297K, capacity 120768K, committed 120908K, reserved 1155072K
  class space    used 14725K, capacity 15968K, committed 16000K, reserved 1048576K
}
Event: 4296.623 GC heap before
{Heap before GC invocations=37 (full 4):
 PSYoungGen      total 492032K, used 453287K [0x00000000d5580000, 0x00000000f7080000, 0x0000000100000000)
  eden space 441344K, 100% used [0x00000000d5580000,0x00000000f0480000,0x00000000f0480000)
  from space 50688K, 23% used [0x00000000f3f00000,0x00000000f4aa9e30,0x00000000f7080000)
  to   space 55296K, 0% used [0x00000000f0480000,0x00000000f0480000,0x00000000f3a80000)
 ParOldGen       total 225280K, used 194278K [0x0000000080000000, 0x000000008dc00000, 0x00000000d5580000)
  object space 225280K, 86% used [0x0000000080000000,0x000000008bdb9988,0x000000008dc00000)
 Metaspace       used 114349K, capacity 120838K, committed 120908K, reserved 1155072K
  class space    used 14731K, capacity 15969K, committed 16000K, reserved 1048576K
Event: 4296.695 GC heap after
Heap after GC invocations=37 (full 4):
 PSYoungGen      total 496640K, used 6069K [0x00000000d5580000, 0x00000000fb480000, 0x0000000100000000)
  eden space 441344K, 0% used [0x00000000d5580000,0x00000000d5580000,0x00000000f0480000)
  from space 55296K, 10% used [0x00000000f0480000,0x00000000f0a6d6b8,0x00000000f3a80000)
  to   space 53248K, 0% used [0x00000000f8080000,0x00000000f8080000,0x00000000fb480000)
 ParOldGen       total 225280K, used 205017K [0x0000000080000000, 0x000000008dc00000, 0x00000000d5580000)
  object space 225280K, 91% used [0x0000000080000000,0x000000008c8366f8,0x000000008dc00000)
 Metaspace       used 114349K, capacity 120838K, committed 120908K, reserved 1155072K
  class space    used 14731K, capacity 15969K, committed 16000K, reserved 1048576K
}
Event: 4296.695 GC heap before
{Heap before GC invocations=38 (full 5):
 PSYoungGen      total 496640K, used 6069K [0x00000000d5580000, 0x00000000fb480000, 0x0000000100000000)
  eden space 441344K, 0% used [0x00000000d5580000,0x00000000d5580000,0x00000000f0480000)
  from space 55296K, 10% used [0x00000000f0480000,0x00000000f0a6d6b8,0x00000000f3a80000)
  to   space 53248K, 0% used [0x00000000f8080000,0x00000000f8080000,0x00000000fb480000)
 ParOldGen       total 225280K, used 205017K [0x0000000080000000, 0x000000008dc00000, 0x00000000d5580000)
  object space 225280K, 91% used [0x0000000080000000,0x000000008c8366f8,0x000000008dc00000)
 Metaspace       used 114349K, capacity 120838K, committed 120908K, reserved 1155072K
  class space    used 14731K, capacity 15969K, committed 16000K, reserved 1048576K
Event: 4304.331 GC heap after
Heap after GC invocations=38 (full 5):
 PSYoungGen      total 496640K, used 0K [0x00000000d5580000, 0x00000000fb480000, 0x0000000100000000)
  eden space 441344K, 0% used [0x00000000d5580000,0x00000000d5580000,0x00000000f0480000)
  from space 55296K, 0% used [0x00000000f0480000,0x00000000f0480000,0x00000000f3a80000)
  to   space 53248K, 0% used [0x00000000f8080000,0x00000000f8080000,0x00000000fb480000)
 ParOldGen       total 225280K, used 122687K [0x0000000080000000, 0x000000008dc00000, 0x00000000d5580000)
  object space 225280K, 54% used [0x0000000080000000,0x00000000877cfd00,0x000000008dc00000)
 Metaspace       used 113841K, capacity 119750K, committed 120908K, reserved 1155072K
  class space    used 14581K, capacity 15674K, committed 16000K, reserved 1048576K
}
Event: 4309.720 GC heap before
{Heap before GC invocations=39 (full 5):
 PSYoungGen      total 496640K, used 441344K [0x00000000d5580000, 0x00000000fb480000, 0x0000000100000000)
  eden space 441344K, 100% used [0x00000000d5580000,0x00000000f0480000,0x00000000f0480000)
  from space 55296K, 0% used [0x00000000f0480000,0x00000000f0480000,0x00000000f3a80000)
  to   space 53248K, 0% used [0x00000000f8080000,0x00000000f8080000,0x00000000fb480000)
 ParOldGen       total 225280K, used 122687K [0x0000000080000000, 0x000000008dc00000, 0x00000000d5580000)
  object space 225280K, 54% used [0x0000000080000000,0x00000000877cfd00,0x000000008dc00000)
 Metaspace       used 113845K, capacity 119754K, committed 120908K, reserved 1155072K
  class space    used 14582K, capacity 15674K, committed 16000K, reserved 1048576K
Event: 4309.785 GC heap after
Heap after GC invocations=39 (full 5):
 PSYoungGen      total 563200K, used 6439K [0x00000000d5580000, 0x00000000faf80000, 0x0000000100000000)
  eden space 515072K, 0% used [0x00000000d5580000,0x00000000d5580000,0x00000000f4c80000)
  from space 48128K, 13% used [0x00000000f8080000,0x00000000f86c9fb0,0x00000000faf80000)
  to   space 50688K, 0% used [0x00000000f4c80000,0x00000000f4c80000,0x00000000f7e00000)
 ParOldGen       total 225280K, used 122687K [0x0000000080000000, 0x000000008dc00000, 0x00000000d5580000)
  object space 225280K, 54% used [0x0000000080000000,0x00000000877cfd00,0x000000008dc00000)
 Metaspace       used 113845K, capacity 119754K, committed 120908K, reserved 1155072K
  class space    used 14582K, capacity 15674K, committed 16000K, reserved 1048576K
}
Event: 4313.225 GC heap before
{Heap before GC invocations=40 (full 5):
 PSYoungGen      total 563200K, used 521511K [0x00000000d5580000, 0x00000000faf80000, 0x0000000100000000)
  eden space 515072K, 100% used [0x00000000d5580000,0x00000000f4c80000,0x00000000f4c80000)
  from space 48128K, 13% used [0x00000000f8080000,0x00000000f86c9fb0,0x00000000faf80000)
  to   space 50688K, 0% used [0x00000000f4c80000,0x00000000f4c80000,0x00000000f7e00000)
 ParOldGen       total 225280K, used 122687K [0x0000000080000000, 0x000000008dc00000, 0x00000000d5580000)
  object space 225280K, 54% used [0x0000000080000000,0x00000000877cfd00,0x000000008dc00000)
 Metaspace       used 113847K, capacity 119754K, committed 120908K, reserved 1155072K
  class space    used 14582K, capacity 15674K, committed 16000K, reserved 1048576K
Event: 4313.565 GC heap after
Heap after GC invocations=40 (full 5):
 PSYoungGen      total 565760K, used 5056K [0x00000000d5580000, 0x00000000fff80000, 0x0000000100000000)
  eden space 515072K, 0% used [0x00000000d5580000,0x00000000d5580000,0x00000000f4c80000)
  from space 50688K, 9% used [0x00000000f4c80000,0x00000000f5170000,0x00000000f7e00000)
  to   space 49152K, 0% used [0x00000000fcf80000,0x00000000fcf80000,0x00000000fff80000)
 ParOldGen       total 225280K, used 127232K [0x0000000080000000, 0x000000008dc00000, 0x00000000d5580000)
  object space 225280K, 56% used [0x0000000080000000,0x0000000087c40150,0x000000008dc00000)
 Metaspace       used 113847K, capacity 119754K, committed 120908K, reserved 1155072K
  class space    used 14582K, capacity 15674K, committed 16000K, reserved 1048576K
}

